
 ==============================================================================
 This is ALGENCAN 3.1.1.
 ALGENCAN, an Augmented Lagrangian method for nonlinear programming, is part of
 the TANGO Project: Trustable Algorithms for Nonlinear General Optimization.
 See http://www.ime.usp.br/~egbirgin/tango/ for details.
 ==============================================================================

 Processing array of parameters with   2 entrances:

 ITERATIONS-OUTPUT-DETAIL                                                    10
 PENALTY-PARAMETER-INITIAL-VALUE                                 1.00000000D+03

 The specification file is not being used.

 Available HSL subroutines = NONE           

 ALGENCAN PARAMETERS:

 firstde                =                    T
 seconde                =                    F
 truehpr                =                    F
 hptype in TN           =               HAPPRO
 lsslvr in TR           =            NONE/NONE
 lsslvr in NW           =            NONE/NONE
 lsslvr in ACCPROC      =            NONE/NONE
 innslvr                =                   TN
 accproc                =                    F
 rmfixv                 =                    T
 slacks                 =                    F
 scale                  =                    T
 epsfeas                =           1.0000D-06
 epsopt                 =           1.0000D-06
 efstain                =           1.0000D-03
 eostain                =           1.0000D-09
 efacc                  =           1.0000D-03
 eoacc                  =           1.0000D-03
 iprint                 =                   10
 ncomp                  =                    6

 Specification filename =                   ''
 Output filename        =       'algencan.out'
 Solution filename      =                   ''

 *** Error code = -93 detected in subroutine VINIP                         ***

 *** Codes meaning:                                                        ***

 ***  80) Non-null flag (or NaN/Inf) in user-supplied evalf subroutine     ***
 ***  81) Non-null flag (or NaN/Inf) in user-supplied evalg subroutine     ***
 ***  82) Non-null flag (or NaN/Inf) in user-supplied evalh subroutine     ***
 ***  83) Non-null flag (or NaN/Inf) in user-supplied evalc subroutine     ***
 ***  84) Non-null flag (or NaN/Inf) in user-supplied evaljac subroutine   ***
 ***  85) Non-null flag (or NaN/Inf) in user-supplied evalhc subroutine    ***
 ***  86) Non-null flag (or NaN/Inf) in user-supplied evalfc subroutine    ***
 ***  87) Non-null flag (or NaN/Inf) in user-supplied evalgjac subroutine  ***
 ***  88) Non-null flag (or NaN/Inf) in user-supplied evalgjacp subroutine ***
 ***  89) Non-null flag (or NaN/Inf) in user-supplied evalhl subroutine    ***
 ***  90) Non-null flag (or NaN/Inf) in user-supplied evalhlp subroutine   ***
 *** -91) Mandatory subroutines were not properly provided                 ***
 *** -92) Lack of memory (increase jcnnzmax or hnnzmax)                    ***
 *** -93) Memory allocation error                                          ***
 *** -94) Memory deallocation error                                        ***
 *** -95) Bound constraints are infeasible                                 ***

 *** Terminating execution. ***

